记录时间：2012-07-11 17:45:50,104 线程ID:[16] 日志级别：ERROR 错误描述：发生错误链接：http://fanbuxie.vancl.com/?source=rufengda
所在页面：http://www.rufengda.com
错误原因：操作超时


记录时间：2012-07-11 17:45:50,166 线程ID:[27] 日志级别：ERROR 错误描述：发生错误链接：http://item.vancl.com/0041401.html?ref=ch_bag_hp_5?source=rufengda
所在页面：http://www.rufengda.com
错误原因：操作超时


记录时间：2012-07-11 17:45:50,166 线程ID:[41] 日志级别：ERROR 错误描述：发生错误链接：http://star.vjia.com/brand/index/382?source=rufengda
所在页面：http://www.rufengda.com
错误原因：操作超时


记录时间：2012-07-11 17:45:50,166 线程ID:[39] 日志级别：ERROR 错误描述：发生错误链接：http://dresses.vancl.com?source=rufengda
所在页面：http://www.rufengda.com
错误原因：操作超时


记录时间：2012-07-11 17:45:50,166 线程ID:[38] 日志级别：ERROR 错误描述：发生错误链接：http://catalog.vancl.com/underwear/nytyf_20120516.html/?source=rufengda
所在页面：http://www.rufengda.com
错误原因：操作超时


记录时间：2012-07-11 17:45:50,166 线程ID:[37] 日志级别：ERROR 错误描述：发生错误链接：http://mall.vjia.com/akseries/?source=rufengda
所在页面：http://www.rufengda.com
错误原因：操作超时


记录时间：2012-07-11 17:45:50,166 线程ID:[36] 日志级别：ERROR 错误描述：发生错误链接：http://catalog.vancl.com/shoes/snfbx20120612.html
所在页面：http://www.rufengda.com
错误原因：操作超时


记录时间：2012-07-11 17:45:50,166 线程ID:[35] 日志级别：ERROR 错误描述：发生错误链接：http://mall.vjia.com/ppz?source=rufengda
所在页面：http://www.rufengda.com
错误原因：操作超时


记录时间：2012-07-11 17:45:50,166 线程ID:[34] 日志级别：ERROR 错误描述：发生错误链接：http://catalog.vancl.com/integrated/smss_20120426.html?source=rufengda
所在页面：http://www.rufengda.com
错误原因：操作超时


记录时间：2012-07-11 17:45:50,166 线程ID:[32] 日志级别：ERROR 错误描述：发生错误链接：http://mall.vjia.com/giordano?source=rufengda
所在页面：http://www.rufengda.com
错误原因：操作超时


记录时间：2012-07-11 17:45:50,166 线程ID:[31] 日志级别：ERROR 错误描述：发生错误链接：http://mall.vjia.com/qiushuiyiren?source=rufengda
所在页面：http://www.rufengda.com
错误原因：操作超时


记录时间：2012-07-11 17:45:50,166 线程ID:[30] 日志级别：ERROR 错误描述：发生错误链接：http://mall.vjia.com/hstyle?source=rufengda
所在页面：http://www.rufengda.com
错误原因：操作超时


记录时间：2012-07-11 17:45:50,166 线程ID:[25] 日志级别：ERROR 错误描述：发生错误链接：http://mall.vjia.com/milry/?source=rufengda
所在页面：http://www.rufengda.com
错误原因：操作超时


记录时间：2012-07-11 17:45:50,166 线程ID:[23] 日志级别：ERROR 错误描述：发生错误链接：http://item.vancl.com/0047657.html?ref=ch_sports_hp_1|hp-hp-head-floor_6-n?source=rufengda
所在页面：http://www.rufengda.com
错误原因：操作超时


记录时间：2012-07-11 17:45:50,166 线程ID:[21] 日志级别：ERROR 错误描述：发生错误链接：http://mall.vjia.com/disney?source=rufengda
所在页面：http://www.rufengda.com
错误原因：操作超时


记录时间：2012-07-11 17:45:50,213 线程ID:[15] 日志级别：ERROR 错误描述：发生错误链接：http://topic.vjia.com/html/2012/06/28/zt_20120625_txu.html?source=rufengda
所在页面：http://www.rufengda.com
错误原因：操作超时


记录时间：2012-07-11 17:45:50,213 线程ID:[26] 日志级别：ERROR 错误描述：发生错误链接：http://item.vancl.com/0177008.html?ref=ch_sports_hp_25?source=rufengda
所在页面：http://www.rufengda.com
错误原因：操作超时


记录时间：2012-07-11 17:45:50,213 线程ID:[20] 日志级别：ERROR 错误描述：发生错误链接：http://list.vjia.com/2466-26---0-0-6-1--0-0-0---.html?source=rufengda
所在页面：http://www.rufengda.com
错误原因：操作超时


记录时间：2012-07-11 17:45:50,291 线程ID:[18] 日志级别：ERROR 错误描述：发生错误链接：http://www.vancl.com?source=rufengda
所在页面：http://www.rufengda.com
错误原因：操作超时


记录时间：2012-07-11 17:45:50,291 线程ID:[4] 日志级别：ERROR 错误描述：发生错误链接：http://weibo.com/vanclrufengda
所在页面：http://www.rufengda.com
错误原因：操作超时


记录时间：2012-07-11 17:45:50,338 线程ID:[24] 日志级别：ERROR 错误描述：发生错误链接：http://s.vjia.com/-63---0-0-6-1--0-0-0--kappa-.html?source=rufengda
所在页面：http://www.rufengda.com
错误原因：操作超时


记录时间：2012-07-11 17:45:50,338 线程ID:[22] 日志级别：ERROR 错误描述：发生错误链接：http://list.vjia.com/2466-30---0-0-6-1--0-0-0---.html?source=rufengda
所在页面：http://www.rufengda.com
错误原因：操作超时


记录时间：2012-07-11 17:45:50,338 线程ID:[53] 日志级别：ERROR 错误描述：发生错误链接：http://www.rufengda.com/images/newhome/cxbtn.jpg
所在页面：http://www.rufengda.com
错误原因：操作超时


记录时间：2012-07-11 17:45:50,338 线程ID:[51] 日志级别：ERROR 错误描述：发生错误链接：http://www.rufengda.com/images/newhome/logo.jpg
所在页面：http://www.rufengda.com
错误原因：操作超时


记录时间：2012-07-11 17:45:50,385 线程ID:[19] 日志级别：ERROR 错误描述：发生错误链接：http://list.vjia.com/2466-25---0-0-6-1--0-0-0---.html?source=rufengda
所在页面：http://www.rufengda.com
错误原因：操作超时


记录时间：2012-07-11 17:45:50,385 线程ID:[58] 日志级别：ERROR 错误描述：发生错误链接：http://www.rufengda.com/images/newhome/acceptbtn.jpg
所在页面：http://www.rufengda.com
错误原因：操作超时


记录时间：2012-07-11 17:45:50,385 线程ID:[59] 日志级别：ERROR 错误描述：发生错误链接：http://i5.vanclimg.com/rfd/fenleiyoushang6025/ico0243234234.jpg
所在页面：http://www.rufengda.com
错误原因：操作超时


记录时间：2012-07-11 17:45:50,416 线程ID:[17] 日志级别：ERROR 错误描述：发生错误链接：http://niuzai.vancl.com/?source=rufengda
所在页面：http://www.rufengda.com
错误原因：操作超时


记录时间：2012-07-11 17:45:50,416 线程ID:[60] 日志级别：ERROR 错误描述：发生错误链接：http://i3.vanclimg.com/rfd/fenleiyoushang6025/fenleiyoushang6025-2.jpg
所在页面：http://www.rufengda.com
错误原因：操作超时


记录时间：2012-07-11 17:45:50,416 线程ID:[61] 日志级别：ERROR 错误描述：发生错误链接：http://i4.vanclimg.com/rfd/fenleiyoushang6025/fenleiyoushang6025-3.jpg
所在页面：http://www.rufengda.com
错误原因：操作超时


记录时间：2012-07-11 17:45:50,416 线程ID:[56] 日志级别：ERROR 错误描述：发生错误链接：http://i1.vanclimg.com/rfd/jiaodiantu/jiaodiantu12.jpg
所在页面：http://www.rufengda.com
错误原因：操作超时


记录时间：2012-07-11 17:45:50,416 线程ID:[54] 日志级别：ERROR 错误描述：发生错误链接：http://i4.vanclimg.com/rfd/jiaodiantu/jiaodiantu15.jpg
所在页面：http://www.rufengda.com
错误原因：操作超时


记录时间：2012-07-11 17:45:50,416 线程ID:[52] 日志级别：ERROR 错误描述：发生错误链接：http://i4.vanclimg.com/rfd/courier/bannert31.jpg
所在页面：http://www.rufengda.com
错误原因：操作超时


记录时间：2012-07-11 17:45:50,416 线程ID:[57] 日志级别：ERROR 错误描述：发生错误链接：http://i4.vanclimg.com/rfd/jiaodiantu/jiaodiantu10.jpg
所在页面：http://www.rufengda.com
错误原因：操作超时


记录时间：2012-07-11 17:45:50,416 线程ID:[50] 日志级别：ERROR 错误描述：发生错误链接：http://star.vancl.com/
所在页面：http://www.rufengda.com
错误原因：操作超时


记录时间：2012-07-11 17:45:50,416 线程ID:[55] 日志级别：ERROR 错误描述：发生错误链接：http://i2.vanclimg.com/rfd/jiaodiantu/jiaodiantu13.jpg
所在页面：http://www.rufengda.com
错误原因：操作超时


记录时间：2012-07-11 17:45:50,416 线程ID:[48] 日志级别：ERROR 错误描述：发生错误链接：http://accessories.vancl.com//?source=rufengda
所在页面：http://www.rufengda.com
错误原因：操作超时


记录时间：2012-07-11 17:45:50,416 线程ID:[49] 日志级别：ERROR 错误描述：发生错误链接：http://catalog.vancl.com/accessories/jrcmbbqd_20120427.html/?source=rufengda
所在页面：http://www.rufengda.com
错误原因：操作超时


记录时间：2012-07-11 17:45:50,416 线程ID:[46] 日志级别：ERROR 错误描述：发生错误链接：http://catalog.vancl.com/accessories/bfsykrustal_20120614.html/?source=rufengda
所在页面：http://www.rufengda.com
错误原因：操作超时


记录时间：2012-07-11 17:45:50,416 线程ID:[47] 日志级别：ERROR 错误描述：发生错误链接：http://accessories.vancl.com/search?cateid=4723&orderby=3&&/?source=rufengda
所在页面：http://www.rufengda.com
错误原因：操作超时


记录时间：2012-07-11 17:45:50,416 线程ID:[44] 日志级别：ERROR 错误描述：发生错误链接：http://catalog.vancl.com/accessories/bqm_20120509.html?source=rufengda
所在页面：http://www.rufengda.com
错误原因：操作超时


记录时间：2012-07-11 17:45:50,416 线程ID:[45] 日志级别：ERROR 错误描述：发生错误链接：http://catalog.vancl.com/accessories/bqm_20120222.html/?source=rufengda
所在页面：http://www.rufengda.com
错误原因：操作超时


记录时间：2012-07-11 17:45:50,416 线程ID:[42] 日志级别：ERROR 错误描述：发生错误链接：http://star.vjia.com/list-2467-944---0-0-6-1--0-0-0---.html?source=rufengda
所在页面：http://www.rufengda.com
错误原因：操作超时


记录时间：2012-07-11 17:45:50,416 线程ID:[43] 日志级别：ERROR 错误描述：发生错误链接：http://star.vjia.com/brand/index/542?source=rufengda
所在页面：http://www.rufengda.com
错误原因：操作超时


记录时间：2012-07-11 17:45:50,416 线程ID:[40] 日志级别：ERROR 错误描述：发生错误链接：http://star.vjia.com/list-2467-1090---0-0-1-1--0-0-0---.html?source=rufengda
所在页面：http://www.rufengda.com
错误原因：操作超时


记录时间：2012-07-11 17:45:50,416 线程ID:[33] 日志级别：ERROR 错误描述：发生错误链接：http://star.vjia.com/brand/index/913?source=rufengda
所在页面：http://www.rufengda.com
错误原因：操作超时


记录时间：2012-07-11 17:45:50,416 线程ID:[29] 日志级别：ERROR 错误描述：发生错误链接：http://www.vancl.com/?source=rufengda
所在页面：http://www.rufengda.com
错误原因：操作超时


记录时间：2012-07-11 17:45:50,447 线程ID:[28] 日志级别：ERROR 错误描述：发生错误链接：http://list.vjia.com/1587----0-0-6-1--0-0-0---.html?source=rufengda
所在页面：http://www.rufengda.com
错误原因：操作超时


记录时间：2012-07-11 17:45:50,759 线程ID:[63] 日志级别：ERROR 错误描述：发生错误链接：http://i4.vanclimg.com/rfd/pinpai/ico02333.jpg
所在页面：http://www.rufengda.com
错误原因：操作超时


记录时间：2012-07-11 17:45:50,775 线程ID:[62] 日志级别：ERROR 错误描述：发生错误链接：http://i4.vanclimg.com/rfd/fenleiyoushang6025/fenleiyoushang6025-4.jpg
所在页面：http://www.rufengda.com
错误原因：操作超时


记录时间：2012-07-11 17:46:50,773 线程ID:[70] 日志级别：ERROR 错误描述：发生错误链接：http://i1.vanclimg.com/rfd/xiangbaoyundong/rfd-xb-4s-710.jpg
所在页面：http://www.rufengda.com
错误原因：操作超时


记录时间：2012-07-11 17:46:50,773 线程ID:[68] 日志级别：ERROR 错误描述：发生错误链接：http://i4.vanclimg.com/rfd/xiangbaoyundong/rfd-xb-2-710.jpg
所在页面：http://www.rufengda.com
错误原因：操作超时


记录时间：2012-07-11 17:46:50,820 线程ID:[67] 日志级别：ERROR 错误描述：发生错误链接：http://i3.vanclimg.com/rfd/xiangbaoyundong/rfd-xb-1-710.jpg
所在页面：http://www.rufengda.com
错误原因：操作超时


记录时间：2012-07-11 17:46:50,882 线程ID:[75] 日志级别：ERROR 错误描述：发生错误链接：http://i3.vanclimg.com/rfd/pinpai/ico02111.jpg
所在页面：http://www.rufengda.com
错误原因：操作超时


记录时间：2012-07-11 17:46:50,898 线程ID:[73] 日志级别：ERROR 错误描述：发生错误链接：http://i1.vanclimg.com/rfd/pinpai/ico02123.jpg
所在页面：http://www.rufengda.com
错误原因：操作超时


记录时间：2012-07-11 17:46:50,898 线程ID:[69] 日志级别：ERROR 错误描述：发生错误链接：http://i5.vanclimg.com/rfd/xiangbaoyundong/rfd-xb-3-710.jpg
所在页面：http://www.rufengda.com
错误原因：操作超时


记录时间：2012-07-11 17:46:50,960 线程ID:[80] 日志级别：ERROR 错误描述：发生错误链接：http://i4.vanclimg.com/rfd/fushineiyi/rfd-fs-5.jpg
所在页面：http://www.rufengda.com
错误原因：操作超时


记录时间：2012-07-11 17:46:50,976 线程ID:[78] 日志级别：ERROR 错误描述：发生错误链接：http://i2.vanclimg.com/rfd/fushineiyi/rfd-fs-3s.jpg
所在页面：http://www.rufengda.com
错误原因：操作超时


记录时间：2012-07-11 17:46:50,976 线程ID:[76] 日志级别：ERROR 错误描述：发生错误链接：http://i1.vanclimg.com/rfd/pinpai/ico02222.jpg
所在页面：http://www.rufengda.com
错误原因：操作超时


记录时间：2012-07-11 17:46:50,976 线程ID:[79] 日志级别：ERROR 错误描述：发生错误链接：http://i3.vanclimg.com/rfd/fushineiyi/rfd-fs-4x.jpg
所在页面：http://www.rufengda.com
错误原因：操作超时


记录时间：2012-07-11 17:46:50,976 线程ID:[77] 日志级别：ERROR 错误描述：发生错误链接：http://i1.vanclimg.com/rfd/fushineiyi/rfd-fs-2.jpg
所在页面：http://www.rufengda.com
错误原因：操作超时


记录时间：2012-07-11 17:46:51,022 线程ID:[74] 日志级别：ERROR 错误描述：发生错误链接：http://i1.vanclimg.com/rfd/pinpai/ico02.jpg
所在页面：http://www.rufengda.com
错误原因：操作超时


记录时间：2012-07-11 17:46:51,022 线程ID:[71] 日志级别：ERROR 错误描述：发生错误链接：http://i2.vanclimg.com/rfd/xiangbaoyundong/rfd-xb-5s-710.jpg
所在页面：http://www.rufengda.com
错误原因：操作超时


记录时间：2012-07-11 17:46:51,132 线程ID:[97] 日志级别：ERROR 错误描述：发生错误链接：http://www.rufengda.com/images/newhome/vjia.jpg
所在页面：http://www.rufengda.com
错误原因：操作超时


记录时间：2012-07-11 17:46:51,132 线程ID:[95] 日志级别：ERROR 错误描述：发生错误链接：http://www.rufengda.com/images/newhome/bjschool.jpg
所在页面：http://www.rufengda.com
错误原因：操作超时


记录时间：2012-07-11 17:46:51,132 线程ID:[93] 日志级别：ERROR 错误描述：发生错误链接：http://www.rufengda.com/images/newhome/star05.jpg
所在页面：http://www.rufengda.com
错误原因：操作超时


记录时间：2012-07-11 17:46:51,132 线程ID:[98] 日志级别：ERROR 错误描述：发生错误链接：http://www.rufengda.com/images/newhome/wuliu.jpg
所在页面：http://www.rufengda.com
错误原因：操作超时


记录时间：2012-07-11 17:46:51,132 线程ID:[91] 日志级别：ERROR 错误描述：发生错误链接：http://www.rufengda.com/images/newhome/star03.jpg
所在页面：http://www.rufengda.com
错误原因：操作超时


记录时间：2012-07-11 17:46:51,132 线程ID:[96] 日志级别：ERROR 错误描述：发生错误链接：http://www.rufengda.com/images/newhome/dzsw.jpg
所在页面：http://www.rufengda.com
错误原因：操作超时


记录时间：2012-07-11 17:46:51,132 线程ID:[89] 日志级别：ERROR 错误描述：发生错误链接：http://www.rufengda.com/images/newhome/star01.jpg
所在页面：http://www.rufengda.com
错误原因：操作超时


记录时间：2012-07-11 17:46:51,132 线程ID:[94] 日志级别：ERROR 错误描述：发生错误链接：http://www.rufengda.com/images/newhome/ico04.jpg
所在页面：http://www.rufengda.com
错误原因：操作超时


记录时间：2012-07-11 17:46:51,132 线程ID:[87] 日志级别：ERROR 错误描述：发生错误链接：http://i3.vanclimg.com/rfd/zhubaoshoushi/rfd-zb-6x.jpg
所在页面：http://www.rufengda.com
错误原因：操作超时


记录时间：2012-07-11 17:46:51,132 线程ID:[92] 日志级别：ERROR 错误描述：发生错误链接：http://www.rufengda.com/images/newhome/star04.jpg
所在页面：http://www.rufengda.com
错误原因：操作超时


记录时间：2012-07-11 17:46:51,132 线程ID:[85] 日志级别：ERROR 错误描述：发生错误链接：http://i1.vanclimg.com/rfd/fenleiyoushang6025/ico013.jpg
所在页面：http://www.rufengda.com
错误原因：操作超时


记录时间：2012-07-11 17:46:51,132 线程ID:[90] 日志级别：ERROR 错误描述：发生错误链接：http://www.rufengda.com/images/newhome/star02.jpg
所在页面：http://www.rufengda.com
错误原因：操作超时


记录时间：2012-07-11 17:46:51,132 线程ID:[88] 日志级别：ERROR 错误描述：发生错误链接：http://i4.vanclimg.com/rfd/zhubaoshoushi/rfd-zb-7.jpg
所在页面：http://www.rufengda.com
错误原因：操作超时


记录时间：2012-07-11 17:46:51,132 线程ID:[86] 日志级别：ERROR 错误描述：发生错误链接：http://i5.vanclimg.com/rfd/zhubaoshoushi/rfd-zb-5s626.jpg
所在页面：http://www.rufengda.com
错误原因：操作超时


记录时间：2012-07-11 17:46:51,178 线程ID:[100] 日志级别：ERROR 错误描述：所在页面：http://www.rufengda.com/helpcenter/questionindex
错误原因：操作超时


记录时间：2012-07-11 17:46:51,178 线程ID:[83] 日志级别：ERROR 错误描述：发生错误链接：http://i4.vanclimg.com/rfd/fenleiyoushang6025/ico011.jpg
所在页面：http://www.rufengda.com
错误原因：操作超时


记录时间：2012-07-11 17:46:51,178 线程ID:[84] 日志级别：ERROR 错误描述：发生错误链接：http://i5.vanclimg.com/rfd/fenleiyoushang6025/ico012.jpg
所在页面：http://www.rufengda.com
错误原因：操作超时


记录时间：2012-07-11 17:46:51,178 线程ID:[82] 日志级别：ERROR 错误描述：发生错误链接：http://i3.vanclimg.com/rfd/fenleiyoushang6025/ico010.jpg
所在页面：http://www.rufengda.com
错误原因：操作超时


记录时间：2012-07-11 17:46:51,225 线程ID:[102] 日志级别：ERROR 错误描述：所在页面：http://www.rufengda.com/home/hotbrand/
错误原因：操作超时


记录时间：2012-07-11 17:46:51,225 线程ID:[103] 日志级别：ERROR 错误描述：所在页面：http://www.rufengda.com/kuaidi/
错误原因：操作超时


记录时间：2012-07-11 17:46:51,225 线程ID:[114] 日志级别：ERROR 错误描述：所在页面：http://www.rufengda.com/enterrfd
错误原因：操作超时


记录时间：2012-07-11 17:46:51,225 线程ID:[112] 日志级别：ERROR 错误描述：所在页面：http://www.rufengda.com/newscenter/index
错误原因：操作超时


记录时间：2012-07-11 17:46:51,225 线程ID:[110] 日志级别：ERROR 错误描述：所在页面：http://www.rufengda.com/
错误原因：操作超时


记录时间：2012-07-11 17:46:51,225 线程ID:[115] 日志级别：ERROR 错误描述：所在页面：http://www.rufengda.com/query/ordertracking
错误原因：操作超时


记录时间：2012-07-11 17:46:51,225 线程ID:[108] 日志级别：ERROR 错误描述：所在页面：http://www.rufengda.com/check/check_time.html
错误原因：操作超时


记录时间：2012-07-11 17:46:51,225 线程ID:[113] 日志级别：ERROR 错误描述：所在页面：http://www.rufengda.com/jobhome/index
错误原因：操作超时


记录时间：2012-07-11 17:46:51,225 线程ID:[106] 日志级别：ERROR 错误描述：所在页面：http://www.rufengda.com/helpcenter/questionlist
错误原因：操作超时


记录时间：2012-07-11 17:46:51,225 线程ID:[111] 日志级别：ERROR 错误描述：所在页面：http://www.rufengda.com/brand/brand.html
错误原因：操作超时


记录时间：2012-07-11 17:46:51,225 线程ID:[104] 日志级别：ERROR 错误描述：所在页面：http://www.rufengda.com/help/complainting.html
错误原因：操作超时


记录时间：2012-07-11 17:46:51,225 线程ID:[109] 日志级别：ERROR 错误描述：所在页面：http://www.rufengda.com/home/hotlinetel
错误原因：操作超时


记录时间：2012-07-11 17:46:51,225 线程ID:[107] 日志级别：ERROR 错误描述：所在页面：http://www.rufengda.com/check/check_network.html
错误原因：操作超时


记录时间：2012-07-11 17:46:51,225 线程ID:[105] 日志级别：ERROR 错误描述：所在页面：http://www.rufengda.com/map/webmap.html
错误原因：操作超时


记录时间：2012-07-11 17:46:51,256 线程ID:[99] 日志级别：ERROR 错误描述：所在页面：http://www.rufengda.com/helpcenter/complaint
错误原因：操作超时


记录时间：2012-07-11 17:46:51,256 线程ID:[101] 日志级别：ERROR 错误描述：所在页面：http://www.rufengda.com/helpcenter/contactus
错误原因：操作超时


记录时间：2012-07-11 17:46:51,568 线程ID:[9] 日志级别：INFO  错误描述：
**************************************************
【当前站点】:http://www.rufengda.com
【处理的地址总数】：17
【处理的资源总数】：82
【错误地址总数】：97
**************************************************

